kotlin version: 2.0.21
error message: java.lang.OutOfMemoryError: Java heap space
	at org.jetbrains.kotlin.wasm.ir.convertors.SourceLocationMappingToBinary.generatedLocation_delegate$lambda$2(WasmIrToBinary.kt:739)
	at org.jetbrains.kotlin.wasm.ir.convertors.SourceLocationMappingToBinary$$Lambda/0x0000000602729bc0.invoke(Unknown Source)
	at kotlin.SynchronizedLazyImpl.getValue(LazyJVM.kt:74)
	at org.jetbrains.kotlin.wasm.ir.convertors.SourceLocationMappingToBinary.getGeneratedLocation(WasmIrToBinary.kt:738)
	at org.jetbrains.kotlin.backend.wasm.utils.SourceMapGenerator.generate(SourceMapGenerator.kt:53)
	at org.jetbrains.kotlin.backend.wasm.WasmCompilerKt.compileWasm-uzOlIq4(wasmCompiler.kt:187)
	at org.jetbrains.kotlin.cli.js.K2JsIrCompiler.doExecute(K2JsIrCompiler.kt:429)
	at org.jetbrains.kotlin.cli.js.K2JSCompiler.doExecute(K2JSCompiler.java:70)
	at org.jetbrains.kotlin.cli.js.K2JSCompiler.doExecute(K2JSCompiler.java:33)
	at org.jetbrains.kotlin.cli.common.CLICompiler.execImpl(CLICompiler.kt:103)
	at org.jetbrains.kotlin.cli.common.CLICompiler.execImpl(CLICompiler.kt:49)
	at org.jetbrains.kotlin.cli.common.CLITool.exec(CLITool.kt:101)
	at org.jetbrains.kotlin.cli.common.CLITool.exec(CLITool.kt:79)
	at org.jetbrains.kotlin.cli.common.CLICompiler.execAndOutputXml(CLICompiler.kt:65)
	at java.base/java.lang.invoke.DirectMethodHandle$Holder.invokeSpecial(DirectMethodHandle$Holder)
	at java.base/java.lang.invoke.LambdaForm$MH/0x0000000601350800.invoke(LambdaForm$MH)
	at java.base/java.lang.invoke.LambdaForm$MH/0x00000006010f5400.invokeExact_MT(LambdaForm$MH)
	at java.base/jdk.internal.reflect.DirectMethodHandleAccessor.invokeImpl(DirectMethodHandleAccessor.java:156)
	at java.base/jdk.internal.reflect.DirectMethodHandleAccessor.invoke(DirectMethodHandleAccessor.java:103)
	at java.base/java.lang.reflect.Method.invoke(Method.java:580)
	at org.jetbrains.kotlin.compilerRunner.GradleKotlinCompilerWork.compileInProcessImpl(GradleKotlinCompilerWork.kt:391)
	at org.jetbrains.kotlin.compilerRunner.GradleKotlinCompilerWork.access$compileInProcessImpl(GradleKotlinCompilerWork.kt:85)
	at org.jetbrains.kotlin.compilerRunner.GradleKotlinCompilerWork$compileInProcess$future$1.call(GradleKotlinCompilerWork.kt:364)
	at org.jetbrains.kotlin.compilerRunner.GradleKotlinCompilerWork$compileInProcess$future$1.call(GradleKotlinCompilerWork.kt:363)
	at java.base/java.util.concurrent.FutureTask.run(FutureTask.java:317)
	at java.base/java.util.concurrent.ThreadPoolExecutor.runWorker(ThreadPoolExecutor.java:1144)
	at java.base/java.util.concurrent.ThreadPoolExecutor$Worker.run(ThreadPoolExecutor.java:642)
	at java.base/java.lang.Thread.runWith(Thread.java:1596)
	at java.base/java.lang.Thread.run(Thread.java:1583)


