kotlin version: 2.0.21
error message: java.lang.OutOfMemoryError: Java heap space
	at org.jetbrains.kotlin.backend.common.serialization.proto.IrStatement$Builder.buildPartial(IrStatement.java:569)
	at org.jetbrains.kotlin.backend.common.serialization.proto.IrStatement$Builder.build(IrStatement.java:561)
	at org.jetbrains.kotlin.backend.common.serialization.IrFileSerializer.serializeStatement(IrFileSerializer.kt:1009)
	at org.jetbrains.kotlin.backend.common.serialization.IrFileSerializer.serializeWhen(IrFileSerializer.kt:786)
	at org.jetbrains.kotlin.backend.common.serialization.IrFileSerializer.serializeExpression(IrFileSerializer.kt:962)
	at org.jetbrains.kotlin.backend.common.serialization.IrFileSerializer.serializeStatement(IrFileSerializer.kt:988)
	at org.jetbrains.kotlin.backend.common.serialization.IrFileSerializer.serializeBlock(IrFileSerializer.kt:442)
	at org.jetbrains.kotlin.backend.common.serialization.IrFileSerializer.serializeExpression(IrFileSerializer.kt:932)
	at org.jetbrains.kotlin.backend.common.serialization.IrFileSerializer.serializeBranch(IrFileSerializer.kt:431)
	at org.jetbrains.kotlin.backend.common.serialization.IrFileSerializer.serializeStatement(IrFileSerializer.kt:994)
	at org.jetbrains.kotlin.backend.common.serialization.IrFileSerializer.serializeWhen(IrFileSerializer.kt:786)
	at org.jetbrains.kotlin.backend.common.serialization.IrFileSerializer.serializeExpression(IrFileSerializer.kt:962)
	at org.jetbrains.kotlin.backend.common.serialization.IrFileSerializer.serializeStatement(IrFileSerializer.kt:988)
	at org.jetbrains.kotlin.backend.common.serialization.IrFileSerializer.serializeBlockBody(IrFileSerializer.kt:422)
	at org.jetbrains.kotlin.backend.common.serialization.IrFileSerializer.serializeStatement(IrFileSerializer.kt:991)
	at org.jetbrains.kotlin.backend.common.serialization.IrFileSerializer.serializeIrStatementBody(IrFileSerializer.kt:179)
	at org.jetbrains.kotlin.backend.common.serialization.IrFileSerializer.serializeIrFunctionBase(IrFileSerializer.kt:1079)
	at org.jetbrains.kotlin.backend.common.serialization.IrFileSerializer.serializeIrFunction(IrFileSerializer.kt:1093)
	at org.jetbrains.kotlin.backend.common.serialization.IrFileSerializer.serializeFunctionExpression(IrFileSerializer.kt:531)
	at org.jetbrains.kotlin.backend.common.serialization.IrFileSerializer.serializeExpression(IrFileSerializer.kt:943)
	at org.jetbrains.kotlin.backend.common.serialization.IrFileSerializer.serializeMemberAccessCommon(IrFileSerializer.kt:499)
	at org.jetbrains.kotlin.backend.common.serialization.IrFileSerializer.serializeCall(IrFileSerializer.kt:514)
	at org.jetbrains.kotlin.backend.common.serialization.IrFileSerializer.serializeExpression(IrFileSerializer.kt:935)
	at org.jetbrains.kotlin.backend.common.serialization.IrFileSerializer.serializeIrVariable(IrFileSerializer.kt:1160)
	at org.jetbrains.kotlin.backend.common.serialization.IrFileSerializer.serializeDeclaration(IrFileSerializer.kt:1259)
	at org.jetbrains.kotlin.backend.common.serialization.IrFileSerializer.serializeStatement(IrFileSerializer.kt:985)
	at org.jetbrains.kotlin.backend.common.serialization.IrFileSerializer.serializeBlockBody(IrFileSerializer.kt:422)
	at org.jetbrains.kotlin.backend.common.serialization.IrFileSerializer.serializeStatement(IrFileSerializer.kt:991)
	at org.jetbrains.kotlin.backend.common.serialization.IrFileSerializer.serializeIrStatementBody(IrFileSerializer.kt:179)
	at org.jetbrains.kotlin.backend.common.serialization.IrFileSerializer.serializeIrFunctionBase(IrFileSerializer.kt:1079)
	at org.jetbrains.kotlin.backend.common.serialization.IrFileSerializer.serializeIrFunction(IrFileSerializer.kt:1093)
	at org.jetbrains.kotlin.backend.common.serialization.IrFileSerializer.serializeFunctionExpression(IrFileSerializer.kt:531)


